#
# There is insufficient memory for the Java Runtime Environment to continue.
# Native memory allocation (malloc) failed to allocate 47536 bytes for Chunk::new
# Possible reasons:
#   The system is out of physical RAM or swap space
#   In 32 bit mode, the process size limit was hit
# Possible solutions:
#   Reduce memory load on the system
#   Increase physical memory or swap space
#   Check if swap backing store is full
#   Use 64 bit Java on a 64 bit OS
#   Decrease Java heap size (-Xmx/-Xms)
#   Decrease number of Java threads
#   Decrease Java thread stack sizes (-Xss)
#   Set larger code cache with -XX:ReservedCodeCacheSize=
# This output file may be truncated or incomplete.
#
#  Out of Memory Error (allocation.cpp:390), pid=8692, tid=9356
#
# JRE version: Java(TM) SE Runtime Environment (8.0_77-b03) (build 1.8.0_77-b03)
# Java VM: Java HotSpot(TM) 64-Bit Server VM (25.77-b03 mixed mode windows-amd64 compressed oops)
# Failed to write core dump. Minidumps are not enabled by default on client versions of Windows
#

---------------  T H R E A D  ---------------

Current thread (0x0000000058aea800):  JavaThread "C2 CompilerThread1" daemon [_thread_in_native, id=9356, stack(0x00000000593d0000,0x00000000594d0000)]

Stack: [0x00000000593d0000,0x00000000594d0000]
[error occurred during error reporting (printing stack bounds), id 0xc0000005]

Native frames: (J=compiled Java code, j=interpreted, Vv=VM code, C=native code)


Current CompileTask:
C2:   5428 1823   !   4       java.util.zip.ZipFile::releaseInflater (41 bytes)


---------------  P R O C E S S  ---------------

Java Threads: ( => current thread )
  0x000000005f0d9000 JavaThread "Prism Font Disposer" daemon [_thread_blocked, id=7852, stack(0x0000000065cb0000,0x0000000065db0000)]
  0x0000000059e74800 JavaThread "JavaFX-Launcher" [_thread_blocked, id=6156, stack(0x000000005ad40000,0x000000005ae40000)]
  0x0000000059e82000 JavaThread "Thread-4" daemon [_thread_blocked, id=2492, stack(0x000000005ac00000,0x000000005ad00000)]
  0x0000000059e15800 JavaThread "JavaFX Application Thread" [_thread_blocked, id=6508, stack(0x000000005a800000,0x000000005a900000)]
  0x0000000059e14000 JavaThread "Thread-3" daemon [_thread_blocked, id=5052, stack(0x000000005a540000,0x000000005a640000)]
  0x0000000059dfa000 JavaThread "QuantumRenderer-0" daemon [_thread_blocked, id=9596, stack(0x000000005a3d0000,0x000000005a4d0000)]
  0x0000000059c4e800 JavaThread "FileSystemWatcher: files=#5 cl=sun.misc.Launcher$AppClassLoader@18b4aac2" daemon [_thread_blocked, id=9556, stack(0x0000000059000000,0x0000000059100000)]
  0x0000000058b28000 JavaThread "Service Thread" daemon [_thread_blocked, id=10148, stack(0x0000000059830000,0x0000000059930000)]
  0x0000000058aeb800 JavaThread "C1 CompilerThread2" daemon [_thread_blocked, id=9688, stack(0x0000000059670000,0x0000000059770000)]
=>0x0000000058aea800 JavaThread "C2 CompilerThread1" daemon [_thread_in_native, id=9356, stack(0x00000000593d0000,0x00000000594d0000)]
  0x0000000058af2800 JavaThread "C2 CompilerThread0" daemon [_thread_in_native, id=9652, stack(0x00000000592d0000,0x00000000593d0000)]
  0x0000000058a7b000 JavaThread "Attach Listener" daemon [_thread_blocked, id=4908, stack(0x0000000059110000,0x0000000059210000)]
  0x000000005774f800 JavaThread "Signal Dispatcher" daemon [_thread_blocked, id=2000, stack(0x0000000058f00000,0x0000000059000000)]
  0x000000005772d800 JavaThread "Finalizer" daemon [_thread_blocked, id=4764, stack(0x0000000058830000,0x0000000058930000)]
  0x00000000576e6800 JavaThread "Reference Handler" daemon [_thread_blocked, id=4688, stack(0x0000000058970000,0x0000000058a70000)]
  0x000000000238c000 JavaThread "main" [_thread_blocked, id=5456, stack(0x00000000025c0000,0x00000000026c0000)]

Other Threads:
  0x00000000576df000 VMThread [stack: 0x00000000586c0000,0x00000000587c0000] [id=584]
  0x0000000058bd3000 WatcherThread [stack: 0x0000000059a40000,0x0000000059b40000] [id=10136]

VM state:at safepoint (normal execution)

VM Mutex/Monitor currently owned by a thread:  ([mutex/lock_event])
[0x0000000002389580] Threads_lock - owner thread: 0x00000000576df000
[0x0000000002389a80] Heap_lock - owner thread: 0x0000000059e15800

Heap:
 PSYoungGen      total 83968K, used 83954K [0x00000000d5e00000, 0x00000000dc100000, 0x0000000100000000)
  eden space 66560K, 100% used [0x00000000d5e00000,0x00000000d9f00000,0x00000000d9f00000)
  from space 17408K, 99% used [0x00000000d9f00000,0x00000000daffc9a8,0x00000000db000000)
  to   space 17408K, 99% used [0x00000000db000000,0x00000000dc0fdaa8,0x00000000dc100000)
 ParOldGen       total 64512K, used 64511K [0x0000000081a00000, 0x0000000085900000, 0x00000000d5e00000)
  object space 64512K, 99% used [0x0000000081a00000,0x00000000858ffff0,0x0000000085900000)
 Metaspace       used 16935K, capacity 17848K, committed 18048K, reserved 1064960K
  class space    used 2190K, capacity 2407K, committed 2432K, reserved 1048576K

Card table byte_map: [0x0000000011c40000,0x0000000012040000] byte_map_base: 0x0000000011833000

Marking Bits: (ParMarkBitMap*) 0x0000000064020600
 Begin Bits: [0x0000000012a20000, 0x00000000149b8000)
 End Bits:   [0x00000000149b8000, 0x0000000016950000)

Polling page: 0x00000000001c0000

CodeCache: size=245760Kb used=6379Kb max_used=6379Kb free=239380Kb
 bounds [0x0000000002880000, 0x0000000002ec0000, 0x0000000011880000]
 total_blobs=2422 nmethods=1822 adapters=511
 compilation: enabled

Compilation events (10 events):
Event: 4.972 Thread 0x0000000058aeb800 nmethod 1819 0x0000000002eb89d0 code [0x0000000002eb8b20, 0x0000000002eb8c30]
Event: 4.972 Thread 0x0000000058aeb800 1820       1       com.sun.javafx.text.TextRun::getGlyphCount (5 bytes)
Event: 4.972 Thread 0x0000000058aeb800 nmethod 1820 0x0000000002eb8710 code [0x0000000002eb8860, 0x0000000002eb8970]
Event: 4.972 Thread 0x0000000058aeb800 1813       1       javafx.scene.layout.BackgroundFill::getInsets (5 bytes)
Event: 4.972 Thread 0x0000000058aeb800 nmethod 1813 0x0000000002eb8450 code [0x0000000002eb85a0, 0x0000000002eb86b0]
Event: 4.972 Thread 0x0000000058aeb800 1821       3       java.nio.Buffer::flip (20 bytes)
Event: 4.972 Thread 0x0000000058aeb800 nmethod 1821 0x0000000002eb8110 code [0x0000000002eb8260, 0x0000000002eb83d0]
Event: 4.973 Thread 0x0000000058aeb800 1822       3       java.nio.Buffer::clear (20 bytes)
Event: 4.973 Thread 0x0000000058aeb800 nmethod 1822 0x0000000002eb7dd0 code [0x0000000002eb7f20, 0x0000000002eb8090]
Event: 5.374 Thread 0x0000000058aea800 1823   !   4       java.util.zip.ZipFile::releaseInflater (41 bytes)

GC Heap History (10 events):
Event: 2.776 GC heap before
{Heap before GC invocations=10 (full 1):
 PSYoungGen      total 83968K, used 83292K [0x00000000d5e00000, 0x00000000dc100000, 0x0000000100000000)
  eden space 66560K, 100% used [0x00000000d5e00000,0x00000000d9f00000,0x00000000d9f00000)
  from space 17408K, 96% used [0x00000000db000000,0x00000000dc0572e8,0x00000000dc100000)
  to   space 17408K, 0% used [0x00000000d9f00000,0x00000000d9f00000,0x00000000db000000)
 ParOldGen       total 61440K, used 12137K [0x0000000081a00000, 0x0000000085600000, 0x00000000d5e00000)
  object space 61440K, 19% used [0x0000000081a00000,0x00000000825da518,0x0000000085600000)
 Metaspace       used 12618K, capacity 13160K, committed 13440K, reserved 1060864K
  class space    used 1470K, capacity 1611K, committed 1664K, reserved 1048576K
Event: 2.783 GC heap after
Heap after GC invocations=10 (full 1):
 PSYoungGen      total 83968K, used 15456K [0x00000000d5e00000, 0x00000000dc100000, 0x0000000100000000)
  eden space 66560K, 0% used [0x00000000d5e00000,0x00000000d5e00000,0x00000000d9f00000)
  from space 17408K, 88% used [0x00000000d9f00000,0x00000000dae181c8,0x00000000db000000)
  to   space 17408K, 0% used [0x00000000db000000,0x00000000db000000,0x00000000dc100000)
 ParOldGen       total 61440K, used 12209K [0x0000000081a00000, 0x0000000085600000, 0x00000000d5e00000)
  object space 61440K, 19% used [0x0000000081a00000,0x00000000825ec528,0x0000000085600000)
 Metaspace       used 12618K, capacity 13160K, committed 13440K, reserved 1060864K
  class space    used 1470K, capacity 1611K, committed 1664K, reserved 1048576K
}
Event: 2.924 GC heap before
{Heap before GC invocations=11 (full 1):
 PSYoungGen      total 83968K, used 82016K [0x00000000d5e00000, 0x00000000dc100000, 0x0000000100000000)
  eden space 66560K, 100% used [0x00000000d5e00000,0x00000000d9f00000,0x00000000d9f00000)
  from space 17408K, 88% used [0x00000000d9f00000,0x00000000dae181c8,0x00000000db000000)
  to   space 17408K, 0% used [0x00000000db000000,0x00000000db000000,0x00000000dc100000)
 ParOldGen       total 61440K, used 12209K [0x0000000081a00000, 0x0000000085600000, 0x00000000d5e00000)
  object space 61440K, 19% used [0x0000000081a00000,0x00000000825ec528,0x0000000085600000)
 Metaspace       used 12624K, capacity 13160K, committed 13440K, reserved 1060864K
  class space    used 1470K, capacity 1611K, committed 1664K, reserved 1048576K
Event: 2.932 GC heap after
Heap after GC invocations=11 (full 1):
 PSYoungGen      total 83968K, used 17378K [0x00000000d5e00000, 0x00000000dc100000, 0x0000000100000000)
  eden space 66560K, 0% used [0x00000000d5e00000,0x00000000d5e00000,0x00000000d9f00000)
  from space 17408K, 99% used [0x00000000db000000,0x00000000dc0f8958,0x00000000dc100000)
  to   space 17408K, 0% used [0x00000000d9f00000,0x00000000d9f00000,0x00000000db000000)
 ParOldGen       total 61440K, used 12393K [0x0000000081a00000, 0x0000000085600000, 0x00000000d5e00000)
  object space 61440K, 20% used [0x0000000081a00000,0x000000008261a610,0x0000000085600000)
 Metaspace       used 12624K, capacity 13160K, committed 13440K, reserved 1060864K
  class space    used 1470K, capacity 1611K, committed 1664K, reserved 1048576K
}
Event: 3.092 GC heap before
{Heap before GC invocations=12 (full 1):
 PSYoungGen      total 83968K, used 83938K [0x00000000d5e00000, 0x00000000dc100000, 0x0000000100000000)
  eden space 66560K, 100% used [0x00000000d5e00000,0x00000000d9f00000,0x00000000d9f00000)
  from space 17408K, 99% used [0x00000000db000000,0x00000000dc0f8958,0x00000000dc100000)
  to   space 17408K, 0% used [0x00000000d9f00000,0x00000000d9f00000,0x00000000db000000)
 ParOldGen       total 61440K, used 12393K [0x0000000081a00000, 0x0000000085600000, 0x00000000d5e00000)
  object space 61440K, 20% used [0x0000000081a00000,0x000000008261a610,0x0000000085600000)
 Metaspace       used 12624K, capacity 13160K, committed 13440K, reserved 1060864K
  class space    used 1470K, capacity 1611K, committed 1664K, reserved 1048576K
Event: 3.100 GC heap after
Heap after GC invocations=12 (full 1):
 PSYoungGen      total 83968K, used 16332K [0x00000000d5e00000, 0x00000000dc100000, 0x0000000100000000)
  eden space 66560K, 0% used [0x00000000d5e00000,0x00000000d5e00000,0x00000000d9f00000)
  from space 17408K, 93% used [0x00000000d9f00000,0x00000000daef31a0,0x00000000db000000)
  to   space 17408K, 0% used [0x00000000db000000,0x00000000db000000,0x00000000dc100000)
 ParOldGen       total 61440K, used 15395K [0x0000000081a00000, 0x0000000085600000, 0x00000000d5e00000)
  object space 61440K, 25% used [0x0000000081a00000,0x0000000082908da0,0x0000000085600000)
 Metaspace       used 12624K, capacity 13160K, committed 13440K, reserved 1060864K
  class space    used 1470K, capacity 1611K, committed 1664K, reserved 1048576K
}
Event: 3.255 GC heap before
{Heap before GC invocations=13 (full 1):
 PSYoungGen      total 83968K, used 82892K [0x00000000d5e00000, 0x00000000dc100000, 0x0000000100000000)
  eden space 66560K, 100% used [0x00000000d5e00000,0x00000000d9f00000,0x00000000d9f00000)
  from space 17408K, 93% used [0x00000000d9f00000,0x00000000daef31a0,0x00000000db000000)
  to   space 17408K, 0% used [0x00000000db000000,0x00000000db000000,0x00000000dc100000)
 ParOldGen       total 61440K, used 15395K [0x0000000081a00000, 0x0000000085600000, 0x00000000d5e00000)
  object space 61440K, 25% used [0x0000000081a00000,0x0000000082908da0,0x0000000085600000)
 Metaspace       used 12627K, capacity 13160K, committed 13440K, reserved 1060864K
  class space    used 1470K, capacity 1611K, committed 1664K, reserved 1048576K
Event: 3.262 GC heap after
Heap after GC invocations=13 (full 1):
 PSYoungGen      total 83968K, used 15970K [0x00000000d5e00000, 0x00000000dc100000, 0x0000000100000000)
  eden space 66560K, 0% used [0x00000000d5e00000,0x00000000d5e00000,0x00000000d9f00000)
  from space 17408K, 91% used [0x00000000db000000,0x00000000dbf98a08,0x00000000dc100000)
  to   space 17408K, 0% used [0x00000000d9f00000,0x00000000d9f00000,0x00000000db000000)
 ParOldGen       total 61440K, used 15443K [0x0000000081a00000, 0x0000000085600000, 0x00000000d5e00000)
  object space 61440K, 25% used [0x0000000081a00000,0x0000000082914f70,0x0000000085600000)
 Metaspace       used 12627K, capacity 13160K, committed 13440K, reserved 1060864K
  class space    used 1470K, capacity 1611K, committed 1664K, reserved 1048576K
}
Event: 4.948 GC heap before
{Heap before GC invocations=14 (full 1):
 PSYoungGen      total 83968K, used 82530K [0x00000000d5e00000, 0x00000000dc100000, 0x0000000100000000)
  eden space 66560K, 100% used [0x00000000d5e00000,0x00000000d9f00000,0x00000000d9f00000)
  from space 17408K, 91% used [0x00000000db000000,0x00000000dbf98a08,0x00000000dc100000)
  to   space 17408K, 0% used [0x00000000d9f00000,0x00000000d9f00000,0x00000000db000000)
 ParOldGen       total 61440K, used 15443K [0x0000000081a00000, 0x0000000085600000, 0x00000000d5e00000)
  object space 61440K, 25% used [0x0000000081a00000,0x0000000082914f70,0x0000000085600000)
 Metaspace       used 16875K, capacity 17740K, committed 18048K, reserved 1064960K
  class space    used 2182K, capacity 2375K, committed 2432K, reserved 1048576K
Event: 4.961 GC heap after
Heap after GC invocations=14 (full 1):
 PSYoungGen      total 83968K, used 17394K [0x00000000d5e00000, 0x00000000dc100000, 0x0000000100000000)
  eden space 66560K, 0% used [0x00000000d5e00000,0x00000000d5e00000,0x00000000d9f00000)
  from space 17408K, 99% used [0x00000000d9f00000,0x00000000daffc9a8,0x00000000db000000)
  to   space 17408K, 0% used [0x00000000db000000,0x00000000db000000,0x00000000dc100000)
 ParOldGen       total 61440K, used 22214K [0x0000000081a00000, 0x0000000085600000, 0x00000000d5e00000)
  object space 61440K, 36% used [0x0000000081a00000,0x0000000082fb1bb0,0x0000000085600000)
 Metaspace       used 16875K, capacity 17740K, committed 18048K, reserved 1064960K
  class space    used 2182K, capacity 2375K, committed 2432K, reserved 1048576K
}

Deoptimization events (10 events):
Event: 3.593 Thread 0x0000000059e15800 Uncommon trap: reason=class_check action=maybe_recompile pc=0x0000000002a5caa0 method=java.lang.String.equals(Ljava/lang/Object;)Z @ 8
Event: 4.492 Thread 0x0000000059e15800 Uncommon trap: reason=unstable_if action=reinterpret pc=0x0000000002cdc8d4 method=java.io.WinNTFileSystem.normalize(Ljava/lang/String;)Ljava/lang/String; @ 128
Event: 4.752 Thread 0x0000000059e15800 Uncommon trap: reason=unstable_if action=reinterpret pc=0x0000000002e32240 method=java.io.ByteArrayInputStream.read()I @ 8
Event: 4.753 Thread 0x0000000059e15800 Uncommon trap: reason=class_check action=maybe_recompile pc=0x0000000002e76a9c method=java.io.FilterInputStream.read()I @ 4
Event: 4.753 Thread 0x0000000059e15800 Uncommon trap: reason=class_check action=maybe_recompile pc=0x0000000002e76a9c method=java.io.FilterInputStream.read()I @ 4
Event: 4.753 Thread 0x0000000059e15800 Uncommon trap: reason=class_check action=maybe_recompile pc=0x0000000002e76a9c method=java.io.FilterInputStream.read()I @ 4
Event: 4.753 Thread 0x0000000059e15800 Uncommon trap: reason=class_check action=maybe_recompile pc=0x0000000002e76a9c method=java.io.FilterInputStream.read()I @ 4
Event: 4.753 Thread 0x0000000059e15800 Uncommon trap: reason=class_check action=maybe_recompile pc=0x0000000002c4502c method=java.util.zip.InflaterInputStream.read([BII)I @ 100
Event: 4.753 Thread 0x0000000059e15800 Uncommon trap: reason=class_check action=maybe_recompile pc=0x0000000002c4502c method=java.util.zip.InflaterInputStream.read([BII)I @ 100
Event: 4.753 Thread 0x0000000059e15800 Uncommon trap: reason=class_check action=maybe_recompile pc=0x0000000002c4502c method=java.util.zip.InflaterInputStream.read([BII)I @ 100

Internal exceptions (10 events):
Event: 5.375 Thread 0x0000000059e15800 Exception <a 'java/lang/OutOfMemoryError'> (0x00000000d98d2de0) thrown at [D:\re\workspace\8-2-build-windows-amd64-cygwin\jdk8u77\6540\hotspot\src\share\vm\prims\jni.cpp, line 735]
Event: 5.375 Thread 0x0000000059e15800 Exception <a 'java/lang/OutOfMemoryError'> (0x00000000d98d3af0) thrown at [D:\re\workspace\8-2-build-windows-amd64-cygwin\jdk8u77\6540\hotspot\src\share\vm\prims\jni.cpp, line 735]
Event: 5.375 Thread 0x0000000059e15800 Exception <a 'java/lang/OutOfMemoryError'> (0x00000000d98d4728) thrown at [D:\re\workspace\8-2-build-windows-amd64-cygwin\jdk8u77\6540\hotspot\src\share\vm\prims\jni.cpp, line 735]
Event: 5.375 Thread 0x0000000059e15800 Exception <a 'java/lang/OutOfMemoryError'> (0x00000000d98d8800) thrown at [D:\re\workspace\8-2-build-windows-amd64-cygwin\jdk8u77\6540\hotspot\src\share\vm\prims\jni.cpp, line 735]
Event: 5.375 Thread 0x0000000059e15800 Exception <a 'java/lang/OutOfMemoryError'> (0x00000000d98d9ba8) thrown at [D:\re\workspace\8-2-build-windows-amd64-cygwin\jdk8u77\6540\hotspot\src\share\vm\prims\jni.cpp, line 735]
Event: 5.375 Thread 0x0000000059e15800 Exception <a 'java/lang/OutOfMemoryError'> (0x00000000d98da700) thrown at [D:\re\workspace\8-2-build-windows-amd64-cygwin\jdk8u77\6540\hotspot\src\share\vm\prims\jni.cpp, line 735]
Event: 5.375 Thread 0x0000000059e15800 Exception <a 'java/lang/OutOfMemoryError'> (0x00000000d98dc690) thrown at [D:\re\workspace\8-2-build-windows-amd64-cygwin\jdk8u77\6540\hotspot\src\share\vm\prims\jni.cpp, line 735]
Event: 5.375 Thread 0x0000000059e15800 Exception <a 'java/lang/OutOfMemoryError'> (0x00000000d98dd4e0) thrown at [D:\re\workspace\8-2-build-windows-amd64-cygwin\jdk8u77\6540\hotspot\src\share\vm\prims\jni.cpp, line 735]
Event: 5.375 Thread 0x0000000059e15800 Exception <a 'java/lang/OutOfMemoryError'> (0x00000000d98de070) thrown at [D:\re\workspace\8-2-build-windows-amd64-cygwin\jdk8u77\6540\hotspot\src\share\vm\prims\jni.cpp, line 735]
Event: 5.375 Thread 0x0000000059e15800 Exception <a 'java/lang/OutOfMemoryError'> (0x00000000d98def90) thrown at [D:\re\workspace\8-2-build-windows-amd64-cygwin\jdk8u77\6540\hotspot\src\share\vm\prims\jni.cpp, line 735]

Events (10 events):
Event: 5.353 loading class java/util/zip/ZipException
Event: 5.353 loading class java/util/zip/ZipException done
Event: 5.354 loading class java/util/zip/ZipException
Event: 5.354 loading class java/util/zip/ZipException done
Event: 5.354 loading class java/util/zip/ZipException
Event: 5.354 loading class java/util/zip/ZipException done
Event: 5.354 loading class java/util/zip/ZipException
Event: 5.354 loading class java/util/zip/ZipException done
Event: 5.354 loading class java/util/zip/ZipException
Event: 5.354 loading class java/util/zip/ZipException done


Dynamic libraries:
0x000000013fcf0000 - 0x000000013fd27000 	C:\Program Files\Java\jdk1.8.0_77\bin\java.exe
0x0000000077820000 - 0x00000000779ca000 	C:\Windows\SYSTEM32\ntdll.dll
0x0000000077700000 - 0x000000007781f000 	C:\Windows\system32\kernel32.dll
0x000007fefd620000 - 0x000007fefd68a000 	C:\Windows\system32\KERNELBASE.dll
0x000007fefea50000 - 0x000007fefeb2b000 	C:\Windows\system32\ADVAPI32.dll
0x000007fefec00000 - 0x000007fefec9f000 	C:\Windows\system32\msvcrt.dll
0x000007fefe980000 - 0x000007fefe99f000 	C:\Windows\SYSTEM32\sechost.dll
0x000007fefeca0000 - 0x000007fefedcd000 	C:\Windows\system32\RPCRT4.dll
0x0000000077600000 - 0x00000000776fa000 	C:\Windows\system32\USER32.dll
0x000007fefee80000 - 0x000007fefeee7000 	C:\Windows\system32\GDI32.dll
0x000007fefedd0000 - 0x000007fefedde000 	C:\Windows\system32\LPK.dll
0x000007fefeb30000 - 0x000007fefebfa000 	C:\Windows\system32\USP10.dll
0x000007fefbbc0000 - 0x000007fefbdb4000 	C:\Windows\WinSxS\amd64_microsoft.windows.common-controls_6595b64144ccf1df_6.0.7601.18837_none_fa3b1e3d17594757\COMCTL32.dll
0x000007fefe9d0000 - 0x000007fefea41000 	C:\Windows\system32\SHLWAPI.dll
0x000007fefe9a0000 - 0x000007fefe9ce000 	C:\Windows\system32\IMM32.DLL
0x000007feff6f0000 - 0x000007feff7f9000 	C:\Windows\system32\MSCTF.dll
0x0000000061ff0000 - 0x00000000620c2000 	C:\Program Files\Java\jdk1.8.0_77\jre\bin\msvcr100.dll
0x0000000063810000 - 0x00000000640a0000 	C:\Program Files\Java\jdk1.8.0_77\jre\bin\server\jvm.dll
0x000007fef9fd0000 - 0x000007fef9fd9000 	C:\Windows\system32\WSOCK32.dll
0x000007feff6a0000 - 0x000007feff6ed000 	C:\Windows\system32\WS2_32.dll
0x000007fefef90000 - 0x000007fefef98000 	C:\Windows\system32\NSI.dll
0x000007fefaf20000 - 0x000007fefaf5b000 	C:\Windows\system32\WINMM.dll
0x000007fefc6e0000 - 0x000007fefc6ec000 	C:\Windows\system32\VERSION.dll
0x00000000779f0000 - 0x00000000779f7000 	C:\Windows\system32\PSAPI.DLL
0x0000000066690000 - 0x000000006669f000 	C:\Program Files\Java\jdk1.8.0_77\jre\bin\verify.dll
0x0000000064a40000 - 0x0000000064a69000 	C:\Program Files\Java\jdk1.8.0_77\jre\bin\java.dll
0x00000000605c0000 - 0x00000000605e3000 	C:\Program Files\Java\jdk1.8.0_77\jre\bin\instrument.dll
0x0000000064a80000 - 0x0000000064a96000 	C:\Program Files\Java\jdk1.8.0_77\jre\bin\zip.dll
0x000007fefd920000 - 0x000007fefe6a9000 	C:\Windows\system32\SHELL32.dll
0x000007feff220000 - 0x000007feff423000 	C:\Windows\system32\ole32.dll
0x000007fefd570000 - 0x000007fefd57f000 	C:\Windows\system32\profapi.dll
0x000007fee1470000 - 0x000007fee155f000 	C:\Program Files\Java\jdk1.8.0_77\jre\bin\msvcr120.dll
0x000007fee13c0000 - 0x000007fee1466000 	C:\Program Files\Java\jdk1.8.0_77\jre\bin\msvcp120.dll
0x0000000060490000 - 0x00000000604b3000 	C:\Program Files\Java\jdk1.8.0_77\jre\bin\prism_d3d.dll
0x000007fee11c0000 - 0x000007fee13bf000 	C:\Windows\system32\d3d9.dll
0x000007fee4720000 - 0x000007fee4727000 	C:\Windows\system32\d3d8thk.dll
0x000007fefb640000 - 0x000007fefb658000 	C:\Windows\system32\dwmapi.dll
0x000007fefbb10000 - 0x000007fefbb66000 	C:\Windows\system32\uxtheme.dll
0x0000000060610000 - 0x000000006062c000 	C:\Program Files\Java\jdk1.8.0_77\jre\bin\prism_sw.dll
0x0000000060440000 - 0x0000000060483000 	C:\Program Files\Java\jdk1.8.0_77\jre\bin\glass.dll
0x000007fefefa0000 - 0x000007feff037000 	C:\Windows\system32\COMDLG32.dll
0x000007feff5c0000 - 0x000007feff698000 	C:\Windows\system32\OLEAUT32.dll
0x000007fefd360000 - 0x000007fefd3b7000 	C:\Windows\system32\apphelp.dll
0x0000000070800000 - 0x0000000070878000 	C:\Windows\system32\IMKR12.IME
0x0000000070c70000 - 0x0000000070d39000 	C:\Windows\WinSxS\amd64_microsoft.vc80.crt_1fc8b3b9a1e18e3b_8.0.50727.6195_none_88e41e092fab0294\MSVCR80.dll
0x00000000706f0000 - 0x00000000707f9000 	C:\Windows\WinSxS\amd64_microsoft.vc80.crt_1fc8b3b9a1e18e3b_8.0.50727.6195_none_88e41e092fab0294\MSVCP80.dll
0x000007fefd3c0000 - 0x000007fefd3cf000 	C:\Windows\system32\CRYPTBASE.dll
0x0000000060420000 - 0x0000000060434000 	C:\Program Files\Java\jdk1.8.0_77\jre\bin\javafx_font.dll
0x000007fee1e70000 - 0x000007fee2007000 	C:\Windows\system32\dwrite.dll
0x000007fefeef0000 - 0x000007fefef89000 	C:\Windows\system32\CLBCatQ.DLL
0x000007fefb1e0000 - 0x000007fefb341000 	C:\Windows\system32\WindowsCodecs.dll
0x000007feebc10000 - 0x000007feebc45000 	C:\Windows\system32\EhStorShell.dll
0x000007feff040000 - 0x000007feff217000 	C:\Windows\system32\SETUPAPI.dll
0x000007fefd5d0000 - 0x000007fefd606000 	C:\Windows\system32\CFGMGR32.dll
0x000007fefd580000 - 0x000007fefd59a000 	C:\Windows\system32\DEVOBJ.dll
0x000007fefbed0000 - 0x000007fefbffc000 	C:\Windows\system32\PROPSYS.dll
0x000007feebb90000 - 0x000007feebc0e000 	C:\Windows\System32\cscui.dll
0x000007feebb80000 - 0x000007feebb8c000 	C:\Windows\System32\CSCDLL.dll
0x000007fef2df0000 - 0x000007fef2dff000 	C:\Windows\system32\CSCAPI.dll
0x000007feeb670000 - 0x000007feeb6f0000 	C:\Windows\system32\ntshrui.dll
0x000007fefd0c0000 - 0x000007fefd0e3000 	C:\Windows\system32\srvcli.dll
0x000007fefb4b0000 - 0x000007fefb4bb000 	C:\Windows\system32\slc.dll
0x000007fee42b0000 - 0x000007fee42dd000 	C:\Program Files\Common Files\Microsoft Shared\Ink\rtscom.dll
0x0000000070220000 - 0x000000007030e000 	C:\PROGRA~1\COMMON~1\MICROS~1\IME12\IMEKR\IMKRTIP.DLL
0x00000000700b0000 - 0x000000007021f000 	C:\PROGRA~1\COMMON~1\MICROS~1\IME12\SHARED\IMETIP.DLL
0x00000000704b0000 - 0x00000000704ef000 	C:\PROGRA~1\COMMON~1\MICROS~1\IME12\IMEKR\IMKRAPI.DLL
0x0000000070060000 - 0x00000000700ad000 	C:\PROGRA~1\COMMON~1\MICROS~1\IME12\SHARED\IMJKAPI.DLL
0x0000000060400000 - 0x0000000060411000 	C:\Program Files\Java\jdk1.8.0_77\jre\bin\prism_common.dll

VM Arguments:
jvm_args: -javaagent:C:\Users\java\.gradle\caches\modules-2\files-2.1\org.springframework\springloaded\1.2.6.RELEASE\df364cd5f36ae9a01ac4e73ecd138daa735fbbc8\springloaded-1.2.6.RELEASE.jar -Xverify:none -Dfile.encoding=x-windows-949 -Duser.country=KR -Duser.language=ko -Duser.variant 
java_command: com.hybrid.fx.MainApplication
java_class_path (initial): D:\03_Src\jsp\MosaicWeb\build\classes\main;D:\03_Src\jsp\MosaicWeb\build\resources\main;D:\03_Src\jsp\MosaicWeb\src\main\webapp\WEB-INF\lib\ojdbc7.jar;C:\Users\java\.gradle\caches\modules-2\files-2.1\org.springframework.boot\spring-boot-starter-web\1.3.6.RELEASE\11ba900b5b21ce547bd902c0021d88c33b9608c2\spring-boot-starter-web-1.3.6.RELEASE.jar;C:\Users\java\.gradle\caches\modules-2\files-2.1\org.springframework\springloaded\1.2.6.RELEASE\df364cd5f36ae9a01ac4e73ecd138daa735fbbc8\springloaded-1.2.6.RELEASE.jar;C:\Users\java\.gradle\caches\modules-2\files-2.1\org.mybatis.spring.boot\mybatis-spring-boot-starter\1.1.1\d0f14dd5e6cee6adc3d2bfee4c0a879dced80552\mybatis-spring-boot-starter-1.1.1.jar;C:\Users\java\.gradle\caches\modules-2\files-2.1\com.gluonhq\particle\1.1.0\ce813abeb6399a65cd2923356b39f43ee9c38ad0\particle-1.1.0.jar;C:\Users\java\.gradle\caches\modules-2\files-2.1\org.springframework.boot\spring-boot-starter-tomcat\1.3.6.RELEASE\89ad451d9847c1ae55f32cfb20f2de16e81a80e5\spring-boot-starter-tomcat-1.3.6.RELEASE.jar;C:\Users\java\.gradle\caches\modules-2\files-2.1\org.apache.tomcat.embed\tomcat-embed-jasper\8.5.4\7e0806d45043f6bd0b71caa753219c2ab92d23ee\tomcat-embed-jasper-8.5.4.jar;C:\Users\java\.gradle\caches\modules-2\files-2.1\org.springframework.boot\spring-boot-starter\1.3.6.RELEASE\eb4181e48cbe0edab189b114e63c18593b23b77d\spring-boot-starter-1.3.6.RELEASE.jar;C:\Users\java\.gradle\caches\modules-2\files-2.1\org.springframework.boot\spring-boot-starter-validation\1.3.6.RELEASE\a5bdd9fe7c9f510353ce01db3de4759c719c8d82\spring-boot-starter-validation-1.3.6.RELEASE.jar;C:\Users\java\.gradle\caches\modules-2\files-2.1\com.fasterxml.jackson.core\jackson-databind\2.6.7\1857f49ee9dffe1c8d17d4c3980e0d713af2806\jackson-databind-2.6.7.jar;C:\Users\java\.gradle\caches\modules-2\files-2.1\org.springframework\spring-web\4.2.7.RELEASE\ff3ac136a3cc9103eeab648ab32a9001a831038d\spring-web-4.2.7.RELEASE.jar;C:\Users\java\.gradle\caches\modules-2
Launcher Type: SUN_STANDARD

Environment Variables:
JAVA_HOME=C:\Program Files\Java\jdk1.8.0_77
PATH=C:/Program Files/Java/jdk1.8.0_77/bin/../jre/bin/server;C:/Program Files/Java/jdk1.8.0_77/bin/../jre/bin;C:/Program Files/Java/jdk1.8.0_77/bin/../jre/lib/amd64;C:\app\oracle\product\12.1.0\dbhome_1\bin;C:\Program Files\Java\jdk1.8.0_77\bin;C:\ProgramData\Oracle\Java\javapath;C:\Windows\system32;C:\Windows;C:\Windows\System32\Wbem;C:\Windows\System32\WindowsPowerShell\v1.0\;C:\Program Files\gradle-2.14\bin;C:\Program Files\apache-maven-3.3.9\bin;C:\Program Files\Git\cmd;C:\Program Files\Git\mingw64\bin;C:\Program Files\Git\usr\bin;C:\Program Files\nodejs\;C:\Users\java\AppData\Roaming\npm;D:\06_STS¼³Ä¡\sts-bundle\sts-3.7.3.RELEASE;
USERNAME=java
OS=Windows_NT
PROCESSOR_IDENTIFIER=Intel64 Family 6 Model 58 Stepping 9, GenuineIntel



---------------  S Y S T E M  ---------------

OS: Windows 7 , 64 bit Build 7601 (6.1.7601.23418)

CPU:total 4 (4 cores per cpu, 1 threads per core) family 6 model 58 stepping 9, cmov, cx8, fxsr, mmx, sse, sse2, sse3, ssse3, sse4.1, sse4.2, popcnt, avx, aes, clmul, erms, tsc, tscinvbit, tscinv

Memory: 4k page, physical 8280248k(1001552k free), swap 10375540k(5092k free)

vm_info: Java HotSpot(TM) 64-Bit Server VM (25.77-b03) for windows-amd64 JRE (1.8.0_77-b03), built on Mar 20 2016 22:01:33 by "java_re" with MS VC++ 10.0 (VS2010)

time: Fri Jul 29 14:54:10 2016
elapsed time: 5 seconds (0d 0h 0m 5s)

